<?xml version="1.0" encoding="UTF-8"?>
<testsuite xmlns:xsi="http://www.w3.org/2001/XMLSchema-instance" xsi:noNamespaceSchemaLocation="https://maven.apache.org/surefire/maven-surefire-plugin/xsd/surefire-test-report-3.0.xsd" version="3.0" name="TestSuite" time="84.486" tests="45" errors="0" skipped="0" failures="11">
  <properties>
[...]
</properties>
  <testcase name="testResponseCode" classname="getRequest.GetData" time="0.004"/>
  <testcase name="testResponseLine" classname="getRequest.GetData" time="0"/>
  <testcase name="validateResponseBody" classname="getRequest.GetData" time="0.205">
    <failure message="expected [product-code] but found [id]" type="java.lang.AssertionError">java.lang.AssertionError: expected [product-code] but found [id]
	at getRequest.GetData.validateResponseBody(GetData.java:91)
</failure>
    <system-out><![CDATA[Response Body[
  {
    "id": 2,
    "name": "Personalised cufflinks",
    "price": "45.00"
  },
  {
    "id": 3,
    "name": "Kids T-shirt",
    "price": "19.95"
  },
  {
    "id": 4,
    "name": "Computer",
    "price": "1500.50"
  },
  {
    "id": 5,
    "name": "Keyboard",
    "price": "400.00"
  },
  {
    "id": 6,
    "name": "IPhone",
    "price": "1000.00"
  },
  {
    "id": 7,
    "name": "Power Backup",
    "price": "1500.50"
  },
  {
    "id": 8,
    "name": "Incorrect Update",
    "price": "130.00"
  },
  {
    "id": 9,
    "name": "Headphones",
    "price": "21.00"
  }
]

]]></system-out>
  </testcase>
  <testcase name="validateHeaders" classname="getRequest.GetData" time="0.021"/>
  <testcase name="testResponseCode" classname="getRequest.GetDataId" time="0.001"/>
  <testcase name="testResponseLine" classname="getRequest.GetDataId" time="0"/>
  <testcase name="testResponseDataId" classname="getRequest.GetDataId" time="0.519"/>
  <testcase name="validateResponseBody" classname="getRequest.GetDataId" time="0.001">
    <failure message="expected [product-code] but found [id]" type="java.lang.AssertionError">java.lang.AssertionError: expected [product-code] but found [id]
	at getRequest.GetDataId.validateResponseBody(GetDataId.java:104)
</failure>
    <system-out><![CDATA[Response Body{
  "id": 3,
  "name": "Kids T-shirt",
  "price": "19.95"
}

]]></system-out>
  </testcase>
  <testcase name="validateHeaders" classname="getRequest.GetDataId" time="0.001"/>
  <testcase name="validateDataType" classname="getRequest.GetDataId" time="0.013">
    <failure message="expected [float] but found [String]" type="java.lang.AssertionError">java.lang.AssertionError: expected [float] but found [String]
	at getRequest.GetDataId.validateDataType(GetDataId.java:143)
</failure>
    <system-out><![CDATA[Exception is java.lang.ClassCastException: java.lang.String cannot be cast to java.lang.Float
]]></system-out>
  </testcase>
  <testcase name="testResponseCode" classname="getRequest.GetDataNegative" time="0"/>
  <testcase name="testResponseLine" classname="getRequest.GetDataNegative" time="0.001"/>
  <testcase name="validateResponseBody" classname="getRequest.GetDataNegative" time="0.023"/>
  <testcase name="validateHeaders" classname="getRequest.GetDataNegative" time="0.001">
    <failure message="expected [application/json] but found [application/problem+json]" type="java.lang.AssertionError">java.lang.AssertionError: expected [application/json] but found [application/problem+json]
	at getRequest.GetDataNegative.validateHeaders(GetDataNegative.java:102)
</failure>
    <system-out><![CDATA[waitress
application/problem+json
205
]]></system-out>
  </testcase>
  <testcase name="testPostResponseCode" classname="postRequest.PostRequest" time="0.003"/>
  <testcase name="testPostResponseStatusLine" classname="postRequest.PostRequest" time="0"/>
  <testcase name="validateDB" classname="postRequest.PostRequest" time="0.048"/>
  <testcase name="testPostResponseCode" classname="postRequest.postMissingNode" time="0.003">
    <failure message="expected:&lt;404&gt; but was:&lt;400&gt;" type="junit.framework.AssertionFailedError"><![CDATA[junit.framework.AssertionFailedError: expected:<404> but was:<400>
	at postRequest.postMissingNode.testPostResponseCode(postMissingNode.java:56)
]]></failure>
  </testcase>
  <testcase name="testPostResponseStatusLine" classname="postRequest.postMissingNode" time="0.001">
    <failure message="expected:&lt;...4...&gt; but was:&lt;...0...&gt;" type="junit.framework.ComparisonFailure"><![CDATA[junit.framework.ComparisonFailure: expected:<...4...> but was:<...0...>
	at postRequest.postMissingNode.testPostResponseStatusLine(postMissingNode.java:73)
]]></failure>
    <system-out><![CDATA[Status code for get request isHTTP/1.1 400 BAD REQUEST
]]></system-out>
  </testcase>
  <testcase name="testPostResponseCode" classname="postRequest.PostRequestCode" time="0"/>
  <testcase name="validateDB" classname="postRequest.PostRequestCode" time="0.024"/>
  <testcase name="testPostResponseCode" classname="postRequest.PostRequestId" time="0">
    <failure message="expected:&lt;404&gt; but was:&lt;200&gt;" type="junit.framework.AssertionFailedError"><![CDATA[junit.framework.AssertionFailedError: expected:<404> but was:<200>
	at postRequest.PostRequestId.testPostResponseCode(PostRequestId.java:60)
]]></failure>
  </testcase>
  <testcase name="testPutResponseCode" classname="putRequest.putId" time="0.003">
    <failure message="expected:&lt;404&gt; but was:&lt;200&gt;" type="java.lang.AssertionError"><![CDATA[java.lang.AssertionError: expected:<404> but was:<200>
	at putRequest.putId.testPutResponseCode(putId.java:72)
]]></failure>
  </testcase>
  <testcase name="testPutResponseCode" classname="putRequest.putProductCode" time="0">
    <failure message="expected:&lt;404&gt; but was:&lt;200&gt;" type="java.lang.AssertionError"><![CDATA[java.lang.AssertionError: expected:<404> but was:<200>
	at putRequest.putProductCode.testPutResponseCode(putProductCode.java:72)
]]></failure>
  </testcase>
  <testcase name="testPutResponseCode" classname="putRequest.putProductPrice" time="0">
    <failure message="expected:&lt;404&gt; but was:&lt;200&gt;" type="java.lang.AssertionError"><![CDATA[java.lang.AssertionError: expected:<404> but was:<200>
	at putRequest.putProductPrice.testPutResponseCode(putProductPrice.java:72)
]]></failure>
  </testcase>
  <testcase name="testPutResponseCode" classname="putRequest.putMissingName" time="0"/>
  <testcase name="testPutResponseStatusLine" classname="putRequest.putMissingName" time="0"/>
  <testcase name="validateHeaders" classname="putRequest.putMissingName" time="0.001"/>
  <testcase name="validateDB" classname="putRequest.putMissingName" time="0.037"/>
  <testcase name="testPutResponseCode" classname="putRequest.putMissingPrice" time="0.001"/>
  <testcase name="testPutResponseStatusLine" classname="putRequest.putMissingPrice" time="0"/>
  <testcase name="validateHeaders" classname="putRequest.putMissingPrice" time="0"/>
  <testcase name="validateDB" classname="putRequest.putMissingPrice" time="0.047"/>
  <testcase name="testPutResponseCode" classname="putRequest.putRequest" time="0.001"/>
  <testcase name="testPutResponseStatusLine" classname="putRequest.putRequest" time="0"/>
  <testcase name="validateHeaders" classname="putRequest.putRequest" time="0"/>
  <testcase name="validateDB" classname="putRequest.putRequest" time="0.032"/>
  <testcase name="testDeleteResponseCode" classname="delete.delete" time="0.001"/>
  <testcase name="testDeleteResponseStatusLine" classname="delete.delete" time="0"/>
  <testcase name="validateHeaders" classname="delete.delete" time="0.001"/>
  <testcase name="validateDB" classname="delete.delete" time="0.015"/>
  <testcase name="testDeleteResponseCode" classname="delete.deleteMissing" time="0.001"/>
  <testcase name="testDeleteResponseStatusLine" classname="delete.deleteMissing" time="0.002"/>
  <testcase name="validateHeaders" classname="delete.deleteMissing" time="0.002">
    <failure message="expected:&lt;application/problem+json&gt; but was:&lt;application/json&gt;" type="java.lang.AssertionError"><![CDATA[java.lang.AssertionError: expected:<application/problem+json> but was:<application/json>
	at delete.deleteMissing.validateHeaders(deleteMissing.java:92)
]]></failure>
    <system-out><![CDATA[waitress
application/problem+json
]]></system-out>
  </testcase>
  <testcase name="testDeleteResponseBody" classname="delete.deleteMissing" time="0.028"/>
</testsuite>